2026-01-06 23:34:52 - daily_report - INFO - ============================================================
2026-01-06 23:34:52 - daily_report - INFO - 📅 DAILY VIBES REPORT: 2026-01-06
2026-01-06 23:34:52 - daily_report - INFO - ============================================================
2026-01-06 23:34:52 - daily_report - INFO - Step 1: Ingesting recent videos...
2026-01-06 23:34:52 - daily_report - INFO - Starting Quota-Optimized Ingestion for 3 clusters...
2026-01-06 23:34:52 - daily_report - INFO - Processing Cluster: libs
2026-01-06 23:34:52 - daily_report - INFO -   -> Fetching data for: @PodSaveAmerica
2026-01-06 23:34:53 - daily_report - INFO -   -> Fetching data for: @TheYoungTurks
2026-01-06 23:34:56 - daily_report - INFO -   -> Fetching data for: @thedavidpakmanshow
2026-01-06 23:34:56 - daily_report - INFO -   -> Fetching data for: @BrianTylerCohen
2026-01-06 23:34:57 - daily_report - INFO -   -> Fetching data for: @MeidasTouch
2026-01-06 23:34:57 - daily_report - INFO -   -> Fetching data for: @HasanAbi
2026-01-06 23:34:57 - daily_report - INFO -   -> Fetching data for: @democracynow
2026-01-06 23:34:57 - daily_report - INFO -   -> Fetching data for: @TheHill
2026-01-06 23:34:57 - daily_report - INFO -   -> Fetching data for: @MajorityReportRadio
2026-01-06 23:34:58 - daily_report - INFO -   -> Fetching data for: @SecularTalk
2026-01-06 23:34:58 - daily_report - INFO -   -> Fetching data for: @TheBulwark
2026-01-06 23:34:59 - daily_report - INFO - Processing Cluster: right
2026-01-06 23:34:59 - daily_report - INFO -   -> Fetching data for: @FoxNews
2026-01-06 23:34:59 - daily_report - INFO -   -> Fetching data for: @TheBenShapiroShow
2026-01-06 23:34:59 - daily_report - INFO -   -> Fetching data for: @DailyWire
2026-01-06 23:35:00 - daily_report - INFO -   -> Fetching data for: @StevenCrowder
2026-01-06 23:35:01 - daily_report - INFO -   -> Fetching data for: @Timcast
2026-01-06 23:35:01 - daily_report - INFO -   -> Fetching data for: @tuckercarlson
2026-01-06 23:35:02 - daily_report - INFO -   -> Fetching data for: @MegynKelly
2026-01-06 23:35:02 - daily_report - INFO -   -> Fetching data for: @Newsmax
2026-01-06 23:35:02 - daily_report - INFO -   -> Fetching data for: @realcharliekirk
2026-01-06 23:35:03 - daily_report - INFO -   -> Fetching data for: @PragerU
2026-01-06 23:35:03 - daily_report - INFO -   -> Fetching data for: @RealCandaceO
2026-01-06 23:35:03 - daily_report - INFO - Processing Cluster: mainstream
2026-01-06 23:35:03 - daily_report - INFO -   -> Fetching data for: @CNN
2026-01-06 23:35:03 - daily_report - INFO -   -> Fetching data for: @NBCNews
2026-01-06 23:35:04 - daily_report - INFO -   -> Fetching data for: @ABCNews
2026-01-06 23:35:04 - daily_report - INFO -   -> Fetching data for: @CBSNews
2026-01-06 23:35:04 - daily_report - INFO -   -> Fetching data for: @MSNBC
2026-01-06 23:35:04 - daily_report - INFO -   -> Fetching data for: @BBCNews
2026-01-06 23:35:04 - daily_report - INFO -   -> Fetching data for: @SkyNews
2026-01-06 23:35:05 - daily_report - INFO -   -> Fetching data for: @AlJazeeraEnglish
2026-01-06 23:35:05 - daily_report - INFO -   -> Fetching data for: @Reuters
2026-01-06 23:35:05 - daily_report - INFO -   -> Fetching data for: @60Minutes
2026-01-06 23:35:05 - daily_report - INFO - Found 351 videos published on 2026-01-06
2026-01-06 23:35:05 - daily_report - INFO - Step 2: Fetching view counts to identify top content...
2026-01-06 23:35:06 - daily_report - INFO - 📊 View Stats: Total Views = 27,809,780
2026-01-06 23:35:06 - daily_report - INFO -    Filtered to Top 49 videos (out of 351)
2026-01-06 23:35:07 - daily_report - INFO - Step 3: Fetching transcripts for top videos...
2026-01-06 23:35:07 - daily_report - INFO - Generating reports for clusters: ['right' 'libs' 'mainstream']
2026-01-06 23:35:07 - daily_report - INFO -   Processing cluster 'right' (16 top videos)...
  0%|          | 0/16 [00:00<?, ?it/s]2026-01-06 23:35:07 - daily_report - ERROR - Transcript unavailable for HYn0P-P1wUw: type object 'YouTubeTranscriptApi' has no attribute 'list_transcripts'
2026-01-06 23:35:07 - daily_report - ERROR - Transcript unavailable for HVPuy1Ml0Vk: type object 'YouTubeTranscriptApi' has no attribute 'list_transcripts'
2026-01-06 23:35:07 - daily_report - ERROR - Transcript unavailable for w2ie3JLKSfg: type object 'YouTubeTranscriptApi' has no attribute 'list_transcripts'
2026-01-06 23:35:07 - daily_report - ERROR - Transcript unavailable for VqR8DY4QrUo: type object 'YouTubeTranscriptApi' has no attribute 'list_transcripts'
2026-01-06 23:35:07 - daily_report - ERROR - Transcript unavailable for sBdU5ycJkjI: type object 'YouTubeTranscriptApi' has no attribute 'list_transcripts'
2026-01-06 23:35:07 - daily_report - ERROR - Transcript unavailable for EsnakuL9wn8: type object 'YouTubeTranscriptApi' has no attribute 'list_transcripts'
2026-01-06 23:35:07 - daily_report - ERROR - Transcript unavailable for m8cMMlRWeTE: type object 'YouTubeTranscriptApi' has no attribute 'list_transcripts'
2026-01-06 23:35:07 - daily_report - ERROR - Transcript unavailable for Va7BdqXMGOY: type object 'YouTubeTranscriptApi' has no attribute 'list_transcripts'
2026-01-06 23:35:07 - daily_report - ERROR - Transcript unavailable for xozqECIaSZE: type object 'YouTubeTranscriptApi' has no attribute 'list_transcripts'
2026-01-06 23:35:07 - daily_report - ERROR - Transcript unavailable for TvYQbRCQm_Y: type object 'YouTubeTranscriptApi' has no attribute 'list_transcripts'
2026-01-06 23:35:07 - daily_report - ERROR - Transcript unavailable for oNyZBbqHpbQ: type object 'YouTubeTranscriptApi' has no attribute 'list_transcripts'
2026-01-06 23:35:07 - daily_report - ERROR - Transcript unavailable for YIXXtCRrfSU: type object 'YouTubeTranscriptApi' has no attribute 'list_transcripts'
2026-01-06 23:35:07 - daily_report - ERROR - Transcript unavailable for 7sqf3Bjx5Tk: type object 'YouTubeTranscriptApi' has no attribute 'list_transcripts'
2026-01-06 23:35:07 - daily_report - ERROR - Transcript unavailable for mTBfMWI4H50: type object 'YouTubeTranscriptApi' has no attribute 'list_transcripts'
2026-01-06 23:35:07 - daily_report - ERROR - Transcript unavailable for jNizMXwh2QA: type object 'YouTubeTranscriptApi' has no attribute 'list_transcripts'
2026-01-06 23:35:07 - daily_report - ERROR - Transcript unavailable for N3uNvkIBeYY: type object 'YouTubeTranscriptApi' has no attribute 'list_transcripts'
                                      2026-01-06 23:35:07 - daily_report - INFO -     -> Collected 0 characters for 'right'
2026-01-06 23:35:07 - daily_report - INFO -   Processing cluster 'libs' (28 top videos)...
  0%|          | 0/28 [00:00<?, ?it/s]2026-01-06 23:35:07 - daily_report - ERROR - Transcript unavailable for kgGhmOvBWy4: type object 'YouTubeTranscriptApi' has no attribute 'list_transcripts'
2026-01-06 23:35:07 - daily_report - ERROR - Transcript unavailable for ARY_DRnW49I: type object 'YouTubeTranscriptApi' has no attribute 'list_transcripts'
2026-01-06 23:35:07 - daily_report - ERROR - Transcript unavailable for qc4k6tLJefQ: type object 'YouTubeTranscriptApi' has no attribute 'list_transcripts'
2026-01-06 23:35:07 - daily_report - ERROR - Transcript unavailable for 5NSBsua81qk: type object 'YouTubeTranscriptApi' has no attribute 'list_transcripts'
2026-01-06 23:35:07 - daily_report - ERROR - Transcript unavailable for 7F8aLGRtXcg: type object 'YouTubeTranscriptApi' has no attribute 'list_transcripts'
2026-01-06 23:35:07 - daily_report - ERROR - Transcript unavailable for 7dQx-l08K1Q: type object 'YouTubeTranscriptApi' has no attribute 'list_transcripts'
2026-01-06 23:35:07 - daily_report - ERROR - Transcript unavailable for 26fV3ovDlF8: type object 'YouTubeTranscriptApi' has no attribute 'list_transcripts'
2026-01-06 23:35:07 - daily_report - ERROR - Transcript unavailable for Qfm32Kh6guc: type object 'YouTubeTranscriptApi' has no attribute 'list_transcripts'
2026-01-06 23:35:07 - daily_report - ERROR - Transcript unavailable for _nYSyZ2Ky54: type object 'YouTubeTranscriptApi' has no attribute 'list_transcripts'
2026-01-06 23:35:07 - daily_report - ERROR - Transcript unavailable for 8WY2jJBYYhY: type object 'YouTubeTranscriptApi' has no attribute 'list_transcripts'
2026-01-06 23:35:07 - daily_report - ERROR - Transcript unavailable for o1r9i_6ZdkA: type object 'YouTubeTranscriptApi' has no attribute 'list_transcripts'
2026-01-06 23:35:07 - daily_report - ERROR - Transcript unavailable for X-VmWnD7oOY: type object 'YouTubeTranscriptApi' has no attribute 'list_transcripts'
2026-01-06 23:35:07 - daily_report - ERROR - Transcript unavailable for sRGjP_KznSI: type object 'YouTubeTranscriptApi' has no attribute 'list_transcripts'
2026-01-06 23:35:07 - daily_report - ERROR - Transcript unavailable for gamNiALKdtY: type object 'YouTubeTranscriptApi' has no attribute 'list_transcripts'
2026-01-06 23:35:07 - daily_report - ERROR - Transcript unavailable for mUerYvkmL4s: type object 'YouTubeTranscriptApi' has no attribute 'list_transcripts'
2026-01-06 23:35:07 - daily_report - ERROR - Transcript unavailable for f_N9C6katRQ: type object 'YouTubeTranscriptApi' has no attribute 'list_transcripts'
2026-01-06 23:35:07 - daily_report - ERROR - Transcript unavailable for r81CCwvN5K8: type object 'YouTubeTranscriptApi' has no attribute 'list_transcripts'
2026-01-06 23:35:07 - daily_report - ERROR - Transcript unavailable for UUrO5jWKlGU: type object 'YouTubeTranscriptApi' has no attribute 'list_transcripts'
2026-01-06 23:35:07 - daily_report - ERROR - Transcript unavailable for sFxTVw_fJwg: type object 'YouTubeTranscriptApi' has no attribute 'list_transcripts'
2026-01-06 23:35:07 - daily_report - ERROR - Transcript unavailable for dySZlLRa29k: type object 'YouTubeTranscriptApi' has no attribute 'list_transcripts'
2026-01-06 23:35:07 - daily_report - ERROR - Transcript unavailable for T6rYLzfZu6U: type object 'YouTubeTranscriptApi' has no attribute 'list_transcripts'
2026-01-06 23:35:07 - daily_report - ERROR - Transcript unavailable for u4L_LofpM_c: type object 'YouTubeTranscriptApi' has no attribute 'list_transcripts'
2026-01-06 23:35:07 - daily_report - ERROR - Transcript unavailable for vWm8uW6OfzI: type object 'YouTubeTranscriptApi' has no attribute 'list_transcripts'
2026-01-06 23:35:07 - daily_report - ERROR - Transcript unavailable for iwUMVsK1WUU: type object 'YouTubeTranscriptApi' has no attribute 'list_transcripts'
2026-01-06 23:35:07 - daily_report - ERROR - Transcript unavailable for xc-pfaIrzHQ: type object 'YouTubeTranscriptApi' has no attribute 'list_transcripts'
2026-01-06 23:35:07 - daily_report - ERROR - Transcript unavailable for xbBAmdKmFZ0: type object 'YouTubeTranscriptApi' has no attribute 'list_transcripts'
2026-01-06 23:35:07 - daily_report - ERROR - Transcript unavailable for 8QnWatC5NH0: type object 'YouTubeTranscriptApi' has no attribute 'list_transcripts'
2026-01-06 23:35:07 - daily_report - ERROR - Transcript unavailable for 1BU_O3mQkKI: type object 'YouTubeTranscriptApi' has no attribute 'list_transcripts'
                                      2026-01-06 23:35:07 - daily_report - INFO -     -> Collected 0 characters for 'libs'
2026-01-06 23:35:07 - daily_report - INFO -   Processing cluster 'mainstream' (5 top videos)...
  0%|          | 0/5 [00:00<?, ?it/s]2026-01-06 23:35:07 - daily_report - ERROR - Transcript unavailable for u-8dZ-K62Fs: type object 'YouTubeTranscriptApi' has no attribute 'list_transcripts'
2026-01-06 23:35:07 - daily_report - ERROR - Transcript unavailable for xIygb4FbJAQ: type object 'YouTubeTranscriptApi' has no attribute 'list_transcripts'
2026-01-06 23:35:07 - daily_report - ERROR - Transcript unavailable for 2TeyA7A4KVU: type object 'YouTubeTranscriptApi' has no attribute 'list_transcripts'
2026-01-06 23:35:07 - daily_report - ERROR - Transcript unavailable for fYTOGhfGdJo: type object 'YouTubeTranscriptApi' has no attribute 'list_transcripts'
2026-01-06 23:35:07 - daily_report - ERROR - Transcript unavailable for dFUq9X859Q4: type object 'YouTubeTranscriptApi' has no attribute 'list_transcripts'
                                     2026-01-06 23:35:07 - daily_report - INFO -     -> Collected 0 characters for 'mainstream'
2026-01-06 23:35:07 - daily_report - INFO - Step 4: Generating Daily Word Clouds...
2026-01-06 23:35:07 - daily_report - WARNING -   -> Skipping cloud for 'right': No text content found.
2026-01-06 23:35:07 - daily_report - WARNING -   -> Skipping cloud for 'libs': No text content found.
2026-01-06 23:35:07 - daily_report - WARNING -   -> Skipping cloud for 'mainstream': No text content found.
2026-01-06 23:35:07 - daily_report - INFO - ============================================================
2026-01-06 23:35:07 - daily_report - INFO - ✅ REPORT COMPLETE
2026-01-06 23:35:07 - daily_report - INFO - 📂 Output saved to: data/reports/2026-01-06
2026-01-06 23:35:07 - daily_report - INFO - ============================================================
